0 info it worked if it ends with ok
1 verbose cli [ '/Users/fmuetsch/.nvm/versions/node/v6.4.0/bin/node',
1 verbose cli   '/Users/fmuetsch/.nvm/versions/node/v6.4.0/bin/npm',
1 verbose cli   'run',
1 verbose cli   'dev' ]
2 info using npm@3.10.3
3 info using node@v6.4.0
4 verbose run-script [ 'predev', 'dev', 'postdev' ]
5 info lifecycle ferdinand-muetsch.de@1.0.0~predev: ferdinand-muetsch.de@1.0.0
6 silly lifecycle ferdinand-muetsch.de@1.0.0~predev: no script for predev, continuing
7 info lifecycle ferdinand-muetsch.de@1.0.0~dev: ferdinand-muetsch.de@1.0.0
8 verbose lifecycle ferdinand-muetsch.de@1.0.0~dev: unsafe-perm in lifecycle true
9 verbose lifecycle ferdinand-muetsch.de@1.0.0~dev: PATH: /Users/fmuetsch/.nvm/versions/node/v6.4.0/lib/node_modules/npm/bin/node-gyp-bin:/Users/fmuetsch/dev/ferdinand-muetsch.de/node_modules/.bin:/Users/fmuetsch/.nvm/versions/node/v6.4.0/bin:/Users/fmuetsch/.nvm/versions/node/v6.4.0/bin:/usr/local/bin:/usr/bin:/bin:/usr/sbin:/sbin
10 verbose lifecycle ferdinand-muetsch.de@1.0.0~dev: CWD: /Users/fmuetsch/dev/ferdinand-muetsch.de
11 silly lifecycle ferdinand-muetsch.de@1.0.0~dev: Args: [ '-c', 'node watcher.js' ]
12 silly lifecycle ferdinand-muetsch.de@1.0.0~dev: Returned: code: 1  signal: null
13 info lifecycle ferdinand-muetsch.de@1.0.0~dev: Failed to exec dev script
14 verbose stack Error: ferdinand-muetsch.de@1.0.0 dev: `node watcher.js`
14 verbose stack Exit status 1
14 verbose stack     at EventEmitter.<anonymous> (/Users/fmuetsch/.nvm/versions/node/v6.4.0/lib/node_modules/npm/lib/utils/lifecycle.js:242:16)
14 verbose stack     at emitTwo (events.js:106:13)
14 verbose stack     at EventEmitter.emit (events.js:191:7)
14 verbose stack     at ChildProcess.<anonymous> (/Users/fmuetsch/.nvm/versions/node/v6.4.0/lib/node_modules/npm/lib/utils/spawn.js:40:14)
14 verbose stack     at emitTwo (events.js:106:13)
14 verbose stack     at ChildProcess.emit (events.js:191:7)
14 verbose stack     at maybeClose (internal/child_process.js:852:16)
14 verbose stack     at Process.ChildProcess._handle.onexit (internal/child_process.js:215:5)
15 verbose pkgid ferdinand-muetsch.de@1.0.0
16 verbose cwd /Users/fmuetsch/dev/ferdinand-muetsch.de
17 error Darwin 15.6.0
18 error argv "/Users/fmuetsch/.nvm/versions/node/v6.4.0/bin/node" "/Users/fmuetsch/.nvm/versions/node/v6.4.0/bin/npm" "run" "dev"
19 error node v6.4.0
20 error npm  v3.10.3
21 error code ELIFECYCLE
22 error ferdinand-muetsch.de@1.0.0 dev: `node watcher.js`
22 error Exit status 1
23 error Failed at the ferdinand-muetsch.de@1.0.0 dev script 'node watcher.js'.
23 error Make sure you have the latest version of node.js and npm installed.
23 error If you do, this is most likely a problem with the ferdinand-muetsch.de package,
23 error not with npm itself.
23 error Tell the author that this fails on your system:
23 error     node watcher.js
23 error You can get information on how to open an issue for this project with:
23 error     npm bugs ferdinand-muetsch.de
23 error Or if that isn't available, you can get their info via:
23 error     npm owner ls ferdinand-muetsch.de
23 error There is likely additional logging output above.
24 verbose exit [ 1, true ]
